<?xml version="1.0" encoding="UTF-8"?>
<!-- Generated by org.testng.reporters.JUnitReportReporter -->
<testsuite skipped="0" hostname="ubuntu2" name="TestScripts.IotPage" tests="30" failures="0" timestamp="12 Mar 2018 10:19:50 GMT" time="291.940" errors="0">
  <testcase name="test_WatchDemoVideoInIoTPage_WSDK004" time="4.108" classname="TestScripts.IotPage"/>
  <testcase name="test_GifImageInIoTPage_WSDK004" time="1.773" classname="TestScripts.IotPage"/>
  <testcase name="test_SpellcheckinIoTPage_WSDK047" time="1.649" classname="TestScripts.IotPage"/>
  <testcase name="test_TphoneOverviewHeader_WSDK114" time="19.553" classname="TestScripts.IotPage"/>
  <testcase name="test_TphoneOverviewFooter_WSDK115" time="46.178" classname="TestScripts.IotPage"/>
  <testcase name="test_tronxHomeImageInIoTHomePage_WSDK004" time="2.091" classname="TestScripts.IotPage"/>
  <testcase name="test_SpellcheckinIoTHomePage_WSDK047" time="1.317" classname="TestScripts.IotPage"/>
  <testcase name="test_HeaderAndFooterCSSInIotHomePage_WSDK119" time="0.281" classname="TestScripts.IotPage"/>
  <testcase name="test_IoTHomepageHeader_WSDK114" time="11.299" classname="TestScripts.IotPage"/>
  <testcase name="test_IoTHomepageFooter_WSDK115" time="31.733" classname="TestScripts.IotPage"/>
  <testcase name="test_tronxHealthImageInIoTHealthPage_WSDK004" time="2.116" classname="TestScripts.IotPage"/>
  <testcase name="test_SpellcheckinIoTHealthPage_WSDK047" time="2.934" classname="TestScripts.IotPage"/>
  <testcase name="test_HeaderAndFooterCSSInIoTHealthPage_WSDK119" time="0.060" classname="TestScripts.IotPage"/>
  <testcase name="test_IoTHealthpageHeader_WSDK114" time="10.241" classname="TestScripts.IotPage"/>
  <testcase name="test_IoTHealthpageFooter_WSDK115" time="33.991" classname="TestScripts.IotPage"/>
  <testcase name="test_tronxEDUImageInIoTEDUPage_WSDK004" time="2.422" classname="TestScripts.IotPage"/>
  <testcase name="test_SpellcheckinIoTEDUPage_WSDK047" time="1.972" classname="TestScripts.IotPage"/>
  <testcase name="test_HeaderAndFooterCSSInIoTEDUPage_WSDK119" time="0.068" classname="TestScripts.IotPage"/>
  <testcase name="test_IoTEDUpageHeader_WSDK114" time="8.268" classname="TestScripts.IotPage"/>
  <testcase name="test_IoTEDUpageFooter_WSDK115" time="30.654" classname="TestScripts.IotPage"/>
  <testcase name="test_tronxInfraImageInIoTInfraPage_WSDK004" time="2.121" classname="TestScripts.IotPage"/>
  <testcase name="test_SpellcheckinIoTInfraPage_WSDK047" time="1.394" classname="TestScripts.IotPage"/>
  <testcase name="test_HeaderAndFooterCSSInIoTInfraPage_WSDK119" time="0.073" classname="TestScripts.IotPage"/>
  <testcase name="test_IoTInfrapageHeader_WSDK114" time="7.938" classname="TestScripts.IotPage"/>
  <testcase name="test_IoTInfrapageFooter_WSDK115" time="28.480" classname="TestScripts.IotPage"/>
  <testcase name="test_tronxEnterpriseImageInIoTEnterprisePage_WSDK004" time="2.079" classname="TestScripts.IotPage"/>
  <testcase name="test_SpellcheckinIoTEnterprisePage_WSDK047" time="1.319" classname="TestScripts.IotPage"/>
  <testcase name="test_HeaderAndFooterCSSInTphoneSpecPage_WSDK119" time="0.066" classname="TestScripts.IotPage"/>
  <testcase name="test_IoTEnterprisepageHeader_WSDK114" time="7.923" classname="TestScripts.IotPage"/>
  <testcase name="test_IoTEnterprisepageFooter_WSDK115" time="27.839" classname="TestScripts.IotPage"/>
</testsuite> <!-- TestScripts.IotPage -->
