<?xml version="1.0" encoding="UTF-8"?>
<!-- Generated by org.testng.reporters.JUnitReportReporter -->
<testsuite skipped="0" hostname="ubuntu2" name="TestScripts.companyPage" tests="48" failures="0" timestamp="20 Mar 2018 05:10:50 GMT" time="819.577" errors="0">
  <testcase name="test_SpellcheckinAboutUsPage_WSDK139" time="27.337" classname="TestScripts.companyPage"/>
  <testcase name="test_GettingBackgroundImageinAboutUspage_WSDK110" time="3.403" classname="TestScripts.companyPage"/>
  <testcase name="test_AboutUsHeaderAndFooterCSS_WSDK128" time="0.082" classname="TestScripts.companyPage"/>
  <testcase name="test_GettingCSSOFHeadingAndParagraphInAboutUsPage_WSDK129" time="0.265" classname="TestScripts.companyPage"/>
  <testcase name="test_AboutUsHeader_WSDK131" time="19.942" classname="TestScripts.companyPage"/>
  <testcase name="test_AboutUsFooter_WSDK132" time="44.049" classname="TestScripts.companyPage"/>
  <testcase name="test_People_WSDK111" time="9.803" classname="TestScripts.companyPage"/>
  <testcase name="test_SpellcheckinPeoplePage_WSDK126" time="53.192" classname="TestScripts.companyPage"/>
  <testcase name="test_GettingBackgroundImageOfPeoplePage_WSDK127" time="3.667" classname="TestScripts.companyPage"/>
  <testcase name="test_PeopleHeaderAndFooterCSS_WSDK128" time="0.114" classname="TestScripts.companyPage"/>
  <testcase name="test_GettingCSSOFHeadingAndParagraphInPeoplePage_WSDK129" time="0.231" classname="TestScripts.companyPage"/>
  <testcase name="test_CheckingForimagesInthePeoplePage_WSDK130" time="9.233" classname="TestScripts.companyPage"/>
  <testcase name="test_PeopleHeader_WSDK134" time="10.135" classname="TestScripts.companyPage"/>
  <testcase name="test_Peoplefooter_WSDK135" time="32.157" classname="TestScripts.companyPage"/>
  <testcase name="test_SpellcheckinAmbassadorPage_WSDK126" time="25.962" classname="TestScripts.companyPage"/>
  <testcase name="test_AmbassadorHeaderAndFooterCSS_WSDK128" time="0.070" classname="TestScripts.companyPage"/>
  <testcase name="test_GettingCSSOFHeadingAndParagraphInAmbassadorPage_WSDK129" time="0.167" classname="TestScripts.companyPage"/>
  <testcase name="test_CheckingForimagesIntheAmbassadorPage_WSDK130" time="4.742" classname="TestScripts.companyPage"/>
  <testcase name="test_AmbassadorHeader_WSDK134" time="9.525" classname="TestScripts.companyPage"/>
  <testcase name="test_Ambassadorfooter_WSDK135" time="29.902" classname="TestScripts.companyPage"/>
  <testcase name="test_GetbackgroundimagesCareersPage_WSDK126" time="4.581" classname="TestScripts.companyPage"/>
  <testcase name="test_SpellcheckinCareersPage_WSDK126" time="30.926" classname="TestScripts.companyPage"/>
  <testcase name="test_CareersHeaderAndFooterCSS_WSDK128" time="0.075" classname="TestScripts.companyPage"/>
  <testcase name="test_GettingCSSOFHeadingAndParagraphInCareersPage_WSDK129" time="0.202" classname="TestScripts.companyPage"/>
  <testcase name="test_CareersHeader_WSDK134" time="9.929" classname="TestScripts.companyPage"/>
  <testcase name="test_Careersfooter_WSDK135" time="40.908" classname="TestScripts.companyPage"/>
  <testcase name="test_ClickOnViewAllpositionsLinkInCareersPage_WSDK126" time="9.443" classname="TestScripts.companyPage"/>
  <testcase name="test_ClickpresswidgetviewLinkInPressPage_WSDK126" time="13.342" classname="TestScripts.companyPage"/>
  <testcase name="test_CheckingForimagesInthePressPage_WSDK130" time="0.211" classname="TestScripts.companyPage"/>
  <testcase name="test_SpellcheckinPressPage_WSDK126" time="81.046" classname="TestScripts.companyPage"/>
  <testcase name="test_PressHeaderAndFooterCSS_WSDK128" time="0.070" classname="TestScripts.companyPage"/>
  <testcase name="test_GettingCSSOFHeadingAndParagraphInPressPage_WSDK129" time="0.234" classname="TestScripts.companyPage"/>
  <testcase name="test_PressHeader_WSDK134" time="10.788" classname="TestScripts.companyPage"/>
  <testcase name="test_Pressfooter_WSDK135" time="29.968" classname="TestScripts.companyPage"/>
  <testcase name="test_ClickContactUsInContactUsPage_WSDK126" time="4.445" classname="TestScripts.companyPage"/>
  <testcase name="test_SpellcheckinContactUsPage_WSDK139" time="55.128" classname="TestScripts.companyPage"/>
  <testcase name="test_contactUsHeader_WSDK134" time="13.529" classname="TestScripts.companyPage"/>
  <testcase name="test_contactUsfooter_WSDK135" time="34.245" classname="TestScripts.companyPage"/>
  <testcase name="test_ContactUsHeaderAndFooterCSS_WSDK128" time="0.070" classname="TestScripts.companyPage"/>
  <testcase name="test_GettingCSSOFHeadingAndParagraphInContactUsPage_WSDK129" time="0.227" classname="TestScripts.companyPage"/>
  <testcase name="test_EnterallValidDataInEnquiryDetails_WSDK126" time="35.095" classname="TestScripts.companyPage"/>
  <testcase name="test_WithoutEnteringDataInRequiredFieldsInEnquiryDetails_WSDK126" time="9.711" classname="TestScripts.companyPage"/>
  <testcase name="test_GiveMorethan10digitsphoneNumberInEnquiryDetails_WSDK126" time="29.848" classname="TestScripts.companyPage"/>
  <testcase name="test_GiveWrongEmailInEnquiryDetails_WSDK126" time="30.185" classname="TestScripts.companyPage"/>
  <testcase name="test_WithoutclickingCaptchaInEnquiryDetails_WSDK126" time="30.589" classname="TestScripts.companyPage"/>
  <testcase name="test_EnterValidDataInNewslettersubscription_WSDK126" time="24.484" classname="TestScripts.companyPage"/>
  <testcase name="test_EnterInValidemailInNewslettersubscription_WSDK126" time="26.025" classname="TestScripts.companyPage"/>
  <testcase name="test_CheckingTandCInContactUsPage_WSDK126" time="10.295" classname="TestScripts.companyPage"/>
</testsuite> <!-- TestScripts.companyPage -->
