<?xml version="1.0" encoding="UTF-8"?>
<!-- Generated by org.testng.reporters.JUnitReportReporter -->
<testsuite skipped="0" hostname="ubuntu2" name="MainTestCases.jeevitha" tests="1" failures="0" timestamp="08 Feb 2018 11:39:15 GMT" time="23.775" errors="0">
  <testcase name="links" time="23.775" classname="MainTestCases.jeevitha"/>
</testsuite> <!-- MainTestCases.jeevitha -->
