<?xml version="1.0" encoding="UTF-8"?>
<!-- Generated by org.testng.reporters.JUnitReportReporter -->
<testsuite skipped="47" hostname="ubuntu2" name="TestScripts.HomePage" tests="48" failures="0" timestamp="02 Aug 2018 09:05:25 GMT" time="0.000" errors="1">
  <testcase name="setUp" time="0.000" classname="TestScripts.HomePage">
    <error type="org.testng.TestNGException" message="
Parameter &#039;browser&#039; is required by BeforeTest on method setUp but has not been marked @Optional or defined
in /tmp/testng-eclipse-2131512377/testng-customsuite.xml">
      <![CDATA[org.testng.TestNGException: Parameter 'browser' is required by BeforeTest on method setUp but has not been marked @Optional or definedin /tmp/testng-eclipse-2131512377/testng-customsuite.xmlat org.testng.internal.Parameters.createParams(Parameters.java:290)at org.testng.internal.Parameters.createParametersForMethod(Parameters.java:359)at org.testng.internal.Parameters.createParameters(Parameters.java:620)at org.testng.internal.Parameters.createConfigurationParameters(Parameters.java:190)at org.testng.internal.Invoker.invokeConfigurations(Invoker.java:209)at org.testng.internal.Invoker.invokeConfigurations(Invoker.java:142)at org.testng.TestRunner.beforeRun(TestRunner.java:529)at org.testng.TestRunner.run(TestRunner.java:497)at org.testng.SuiteRunner.runTest(SuiteRunner.java:455)at org.testng.SuiteRunner.runSequentially(SuiteRunner.java:450)at org.testng.SuiteRunner.privateRun(SuiteRunner.java:415)at org.testng.SuiteRunner.run(SuiteRunner.java:364)at org.testng.SuiteRunnerWorker.runSuite(SuiteRunnerWorker.java:52)at org.testng.SuiteRunnerWorker.run(SuiteRunnerWorker.java:84)at org.testng.TestNG.runSuitesSequentially(TestNG.java:1187)at org.testng.TestNG.runSuitesLocally(TestNG.java:1116)at org.testng.TestNG.runSuites(TestNG.java:1028)at org.testng.TestNG.run(TestNG.java:996)at org.testng.remote.AbstractRemoteTestNG.run(AbstractRemoteTestNG.java:114)at org.testng.remote.RemoteTestNG.initAndRun(RemoteTestNG.java:251)at org.testng.remote.RemoteTestNG.main(RemoteTestNG.java:77)]]>
    </error>
  </testcase> <!-- setUp -->
  <testcase name="test_GettingAllSectionNames_WSDK001" time="0.000" classname="TestScripts.HomePage">
    <skipped/>
  </testcase> <!-- test_GettingAllSectionNames_WSDK001 -->
  <testcase name="test_FlipKartSale_WSDK002" time="0.000" classname="TestScripts.HomePage">
    <skipped/>
  </testcase> <!-- test_FlipKartSale_WSDK002 -->
  <testcase name="test_ytpvideo_WSDK003" time="0.000" classname="TestScripts.HomePage">
    <skipped/>
  </testcase> <!-- test_ytpvideo_WSDK003 -->
  <testcase name="test_WatchDemoUndertronX_WSDK004" time="0.000" classname="TestScripts.HomePage">
    <skipped/>
  </testcase> <!-- test_WatchDemoUndertronX_WSDK004 -->
  <testcase name="test_LearnMoreUndertcare_WSDK005" time="0.000" classname="TestScripts.HomePage">
    <skipped/>
  </testcase> <!-- test_LearnMoreUndertcare_WSDK005 -->
  <testcase name="test_slickDotsinHomePage_WSDK006" time="0.000" classname="TestScripts.HomePage">
    <skipped/>
  </testcase> <!-- test_slickDotsinHomePage_WSDK006 -->
  <testcase name="test_Header_WSDK007" time="0.000" classname="TestScripts.HomePage">
    <skipped/>
  </testcase> <!-- test_Header_WSDK007 -->
  <testcase name="test_Header_WSDK008" time="0.000" classname="TestScripts.HomePage">
    <skipped/>
  </testcase> <!-- test_Header_WSDK008 -->
  <testcase name="test_Header_WSDK009" time="0.000" classname="TestScripts.HomePage">
    <skipped/>
  </testcase> <!-- test_Header_WSDK009 -->
  <testcase name="test_Header_WSDK010" time="0.000" classname="TestScripts.HomePage">
    <skipped/>
  </testcase> <!-- test_Header_WSDK010 -->
  <testcase name="test_Header_WSDK011" time="0.000" classname="TestScripts.HomePage">
    <skipped/>
  </testcase> <!-- test_Header_WSDK011 -->
  <testcase name="test_Header_WSDK012" time="0.000" classname="TestScripts.HomePage">
    <skipped/>
  </testcase> <!-- test_Header_WSDK012 -->
  <testcase name="test_Header_WSDK013" time="0.000" classname="TestScripts.HomePage">
    <skipped/>
  </testcase> <!-- test_Header_WSDK013 -->
  <testcase name="test_Header_WSDK014" time="0.000" classname="TestScripts.HomePage">
    <skipped/>
  </testcase> <!-- test_Header_WSDK014 -->
  <testcase name="test_Header_WSDK015" time="0.000" classname="TestScripts.HomePage">
    <skipped/>
  </testcase> <!-- test_Header_WSDK015 -->
  <testcase name="test_Header_WSDK0016" time="0.000" classname="TestScripts.HomePage">
    <skipped/>
  </testcase> <!-- test_Header_WSDK0016 -->
  <testcase name="test_Footer_WSDK017" time="0.000" classname="TestScripts.HomePage">
    <skipped/>
  </testcase> <!-- test_Footer_WSDK017 -->
  <testcase name="test_Footer_WSDK018" time="0.000" classname="TestScripts.HomePage">
    <skipped/>
  </testcase> <!-- test_Footer_WSDK018 -->
  <testcase name="test_Footer_WSDK019" time="0.000" classname="TestScripts.HomePage">
    <skipped/>
  </testcase> <!-- test_Footer_WSDK019 -->
  <testcase name="test_Footer_WSDK020" time="0.000" classname="TestScripts.HomePage">
    <skipped/>
  </testcase> <!-- test_Footer_WSDK020 -->
  <testcase name="test_Footer_WSDK021" time="0.000" classname="TestScripts.HomePage">
    <skipped/>
  </testcase> <!-- test_Footer_WSDK021 -->
  <testcase name="test_Footer_WSDK022" time="0.000" classname="TestScripts.HomePage">
    <skipped/>
  </testcase> <!-- test_Footer_WSDK022 -->
  <testcase name="test_Footer_WSDK023" time="0.000" classname="TestScripts.HomePage">
    <skipped/>
  </testcase> <!-- test_Footer_WSDK023 -->
  <testcase name="test_Footer_WSDK024" time="0.000" classname="TestScripts.HomePage">
    <skipped/>
  </testcase> <!-- test_Footer_WSDK024 -->
  <testcase name="test_Footer_WSDK025" time="0.000" classname="TestScripts.HomePage">
    <skipped/>
  </testcase> <!-- test_Footer_WSDK025 -->
  <testcase name="test_Footer_WSDK026" time="0.000" classname="TestScripts.HomePage">
    <skipped/>
  </testcase> <!-- test_Footer_WSDK026 -->
  <testcase name="test_Footer_WSDK027" time="0.000" classname="TestScripts.HomePage">
    <skipped/>
  </testcase> <!-- test_Footer_WSDK027 -->
  <testcase name="test_Footer_WSDK028" time="0.000" classname="TestScripts.HomePage">
    <skipped/>
  </testcase> <!-- test_Footer_WSDK028 -->
  <testcase name="test_Footer_WSDK029" time="0.000" classname="TestScripts.HomePage">
    <skipped/>
  </testcase> <!-- test_Footer_WSDK029 -->
  <testcase name="test_Footer_WSDK030" time="0.000" classname="TestScripts.HomePage">
    <skipped/>
  </testcase> <!-- test_Footer_WSDK030 -->
  <testcase name="test_Footer_WSDK031" time="0.000" classname="TestScripts.HomePage">
    <skipped/>
  </testcase> <!-- test_Footer_WSDK031 -->
  <testcase name="test_Footer_WSDK032" time="0.000" classname="TestScripts.HomePage">
    <skipped/>
  </testcase> <!-- test_Footer_WSDK032 -->
  <testcase name="test_Footer_WSDK033" time="0.000" classname="TestScripts.HomePage">
    <skipped/>
  </testcase> <!-- test_Footer_WSDK033 -->
  <testcase name="test_Footer_WSDK034" time="0.000" classname="TestScripts.HomePage">
    <skipped/>
  </testcase> <!-- test_Footer_WSDK034 -->
  <testcase name="test_Footer_WSDK035" time="0.000" classname="TestScripts.HomePage">
    <skipped/>
  </testcase> <!-- test_Footer_WSDK035 -->
  <testcase name="test_Footer_WSDK036" time="0.000" classname="TestScripts.HomePage">
    <skipped/>
  </testcase> <!-- test_Footer_WSDK036 -->
  <testcase name="test_Footer_WSDK037" time="0.000" classname="TestScripts.HomePage">
    <skipped/>
  </testcase> <!-- test_Footer_WSDK037 -->
  <testcase name="test_Footer_WSDK038" time="0.000" classname="TestScripts.HomePage">
    <skipped/>
  </testcase> <!-- test_Footer_WSDK038 -->
  <testcase name="test_Footer_WSDK039" time="0.000" classname="TestScripts.HomePage">
    <skipped/>
  </testcase> <!-- test_Footer_WSDK039 -->
  <testcase name="test_Footer_WSDK040" time="0.000" classname="TestScripts.HomePage">
    <skipped/>
  </testcase> <!-- test_Footer_WSDK040 -->
  <testcase name="test_Footer_WSDK041" time="0.000" classname="TestScripts.HomePage">
    <skipped/>
  </testcase> <!-- test_Footer_WSDK041 -->
  <testcase name="test_Footer_WSDK042" time="0.000" classname="TestScripts.HomePage">
    <skipped/>
  </testcase> <!-- test_Footer_WSDK042 -->
  <testcase name="test_Footer_WSDK043" time="0.000" classname="TestScripts.HomePage">
    <skipped/>
  </testcase> <!-- test_Footer_WSDK043 -->
  <testcase name="test_HeadPhone_Image_WSDK044" time="0.000" classname="TestScripts.HomePage">
    <skipped/>
  </testcase> <!-- test_HeadPhone_Image_WSDK044 -->
  <testcase name="test_GettingBackgroundImageOfHomePage_WSDK045" time="0.000" classname="TestScripts.HomePage">
    <skipped/>
  </testcase> <!-- test_GettingBackgroundImageOfHomePage_WSDK045 -->
  <testcase name="test_GettingCSSOFHeadingAndParagraph_WSDK046" time="0.000" classname="TestScripts.HomePage">
    <skipped/>
  </testcase> <!-- test_GettingCSSOFHeadingAndParagraph_WSDK046 -->
  <testcase name="test_SpellcheckinHomePage_WSDK047" time="0.000" classname="TestScripts.HomePage">
    <skipped/>
  </testcase> <!-- test_SpellcheckinHomePage_WSDK047 -->
</testsuite> <!-- TestScripts.HomePage -->
