<?xml version="1.0" encoding="UTF-8"?>
<!-- Generated by org.testng.reporters.JUnitReportReporter -->
<testsuite skipped="0" hostname="ubuntu2" name="Login" tests="1" failures="0" timestamp="06 Feb 2018 10:24:21 GMT" time="5.875" errors="0">
  <testcase name="log" time="5.875" classname="Login"/>
</testsuite> <!-- Login -->
