<?xml version="1.0" encoding="UTF-8"?>
<!-- Generated by org.testng.reporters.JUnitReportReporter -->
<testsuite skipped="0" hostname="ubuntu2" name="TestNG.Sample" tests="1" failures="0" timestamp="19 Feb 2018 09:08:10 GMT" time="39.154" errors="0">
  <testcase name="links" time="39.154" classname="TestNG.Sample"/>
</testsuite> <!-- TestNG.Sample -->
