<?xml version="1.0" encoding="UTF-8"?>
<!-- Generated by org.testng.reporters.JUnitReportReporter -->
<testsuite skipped="0" hostname="ubuntu2" name="TestScripts.tcarePage" tests="33" failures="0" timestamp="22 Mar 2018 09:00:57 GMT" time="707.704" errors="0">
  <testcase name="test_SpellcheckintcareCustomerCarePage_WSDK191" time="28.296" classname="TestScripts.tcarePage"/>
  <testcase name="test_ContactUsInformationintcareCustomerCarePage_WSDK192" time="1.263" classname="TestScripts.tcarePage"/>
  <testcase name="test_GettingBackgroundImageintcareCustomerCarepage_WSDK193" time="3.471" classname="TestScripts.tcarePage"/>
  <testcase name="test_chatwithusintcareCustomerCarePage_WSDK194" time="39.839" classname="TestScripts.tcarePage"/>
  <testcase name="test_checkRequiredfieldinchatwithusintcareCustomerCarePage_WSDK195" time="14.543" classname="TestScripts.tcarePage"/>
  <testcase name="test_checkcontactdetailstabinchatwithusintcareCustomerCarePage_WSDK196" time="21.170" classname="TestScripts.tcarePage"/>
  <testcase name="test_checkemailidtabinchatwithusintcareCustomerCarePage_WSDK197" time="21.139" classname="TestScripts.tcarePage"/>
  <testcase name="test_tcareCustomerCareHeader_WSDK198" time="17.929" classname="TestScripts.tcarePage"/>
  <testcase name="test_tcareCustomerCareFooter_WSDK199" time="48.275" classname="TestScripts.tcarePage"/>
  <testcase name="test_GettingCSSOFHeadingAndParagraphIntcareCustomerCare_WSDK200" time="0.237" classname="TestScripts.tcarePage"/>
  <testcase name="test_tcareCustomerCareHeaderAndFooterCSS_WSDK201" time="0.141" classname="TestScripts.tcarePage"/>
  <testcase name="test_checkserviceCentresInBengaluru_WSDK202" time="32.052" classname="TestScripts.tcarePage"/>
  <testcase name="test_checkserviceCentresInKanpur_WSDK203" time="18.825" classname="TestScripts.tcarePage"/>
  <testcase name="test_checkserviceCentresInChennai_WSDK204" time="27.844" classname="TestScripts.tcarePage"/>
  <testcase name="test_checkserviceCentresInHyderabad_WSDK205" time="27.911" classname="TestScripts.tcarePage"/>
  <testcase name="test_checkserviceCentresInPune_WSDK206" time="27.776" classname="TestScripts.tcarePage"/>
  <testcase name="test_checkserviceCentresInMumbai_WSDK207" time="41.136" classname="TestScripts.tcarePage"/>
  <testcase name="test_checkserviceCentresInPatna_WSDK208" time="21.729" classname="TestScripts.tcarePage"/>
  <testcase name="test_checkserviceCentresInVishakapatnam_WSDK209" time="21.674" classname="TestScripts.tcarePage"/>
  <testcase name="test_checkserviceCentresInAhmedabad_WSDK210" time="29.228" classname="TestScripts.tcarePage"/>
  <testcase name="test_checkserviceCentresInKolkata_WSDK211" time="27.762" classname="TestScripts.tcarePage"/>
  <testcase name="test_serviceCentresHeader_WSDK212" time="15.407" classname="TestScripts.tcarePage"/>
  <testcase name="test_serviceCentresfooter_WSDK213" time="47.244" classname="TestScripts.tcarePage"/>
  <testcase name="test_GettingCSSOFHeadingAndParagraphInserviceCentres_WSDK214" time="0.629" classname="TestScripts.tcarePage"/>
  <testcase name="test_serviceCentresHeaderAndFooterCSS_WSDK215" time="0.079" classname="TestScripts.tcarePage"/>
  <testcase name="test_clickOnWarrantyInformationCardsintcareWarrantyInformationPage_WSDK216" time="20.465" classname="TestScripts.tcarePage"/>
  <testcase name="test_checkBackgroundImagesintcareWarrantyInformationPage_WSDK217" time="3.320" classname="TestScripts.tcarePage"/>
  <testcase name="test_SpellcheckintcareWarrantyInformationPage_WSDK218" time="83.016" classname="TestScripts.tcarePage"/>
  <testcase name="test_tcareWarrantyInformationHeader_WSDK219" time="21.665" classname="TestScripts.tcarePage"/>
  <testcase name="test_tcareWarrantyInformationfooter_WSDK220" time="37.937" classname="TestScripts.tcarePage"/>
  <testcase name="test_GettingCSSOFHeadingAndParagraphIntcareWarrantyInformation_WSDK221" time="0.219" classname="TestScripts.tcarePage"/>
  <testcase name="test_tcareWarrantyInformationHeaderAndFooterCSS_WSDK222" time="0.070" classname="TestScripts.tcarePage"/>
  <testcase name="test_communityIntcarepage_WSDK223" time="5.413" classname="TestScripts.tcarePage"/>
</testsuite> <!-- TestScripts.tcarePage -->
