<?xml version="1.0" encoding="UTF-8"?>
<!-- Generated by org.testng.reporters.JUnitReportReporter -->
<testsuite skipped="0" hostname="ubuntu2" name="TestScripts.tronXPage" tests="10" failures="0" timestamp="09 Mar 2018 11:16:11 GMT" time="155.503" errors="0">
  <testcase name="test_tronXoverview_WSDK142" time="11.579" classname="TestScripts.tronXPage"/>
  <testcase name="test_slickDotsintronXPage_WSDK143" time="11.453" classname="TestScripts.tronXPage"/>
  <testcase name="test_SpellcheckintronXPage_WSDK144" time="36.267" classname="TestScripts.tronXPage"/>
  <testcase name="test_tronXHeaderAndFooterCSS_WSDK146" time="0.144" classname="TestScripts.tronXPage"/>
  <testcase name="test_GettingBackgroundImageOftronXPage_WSDK145" time="6.189" classname="TestScripts.tronXPage"/>
  <testcase name="test_GettingCSSOFHeadingAndParagraphIntronX_WSDK147" time="0.211" classname="TestScripts.tronXPage"/>
  <testcase name="test_CheckingForimagesInthetronXPage_WSDK148" time="0.181" classname="TestScripts.tronXPage"/>
  <testcase name="test_tronXHeader_WSDK149" time="21.157" classname="TestScripts.tronXPage"/>
  <testcase name="test_tronXfooter_WSDK150" time="51.601" classname="TestScripts.tronXPage"/>
  <testcase name="test_CheckingsubscriptionemaildetailsintronXPage_WSDK151" time="16.721" classname="TestScripts.tronXPage"/>
</testsuite> <!-- TestScripts.tronXPage -->
