<?xml version="1.0" encoding="UTF-8"?>
<!-- Generated by org.testng.reporters.JUnitReportReporter -->
<testsuite skipped="0" hostname="ubuntu2" name="TestScripts.tbook" tests="16" failures="0" timestamp="08 Mar 2018 10:18:38 GMT" time="227.882" errors="0">
  <testcase name="test_tbookoverview_WSDK106" time="10.586" classname="TestScripts.tbook"/>
  <testcase name="test_ClickOnSpecAtGlanceLinkintbookoverviewPage_WSDK108" time="0.827" classname="TestScripts.tbook"/>
  <testcase name="test_SpellcheckintbookOverviewPage_WSDK109" time="41.510" classname="TestScripts.tbook"/>
  <testcase name="test_GettingBackgroundImageOftbookOverviewPage_WSDK110" time="1.733" classname="TestScripts.tbook"/>
  <testcase name="test_tbookOverviewHeaderAndFooterCSS_WSDK111" time="0.086" classname="TestScripts.tbook"/>
  <testcase name="test_GettingCSSOFHeadingAndParagraphIntbookOverviewPage_WSDK112" time="0.259" classname="TestScripts.tbook"/>
  <testcase name="test_CheckingForimagesInthetbookOverviewPage_WSDK113" time="5.228" classname="TestScripts.tbook"/>
  <testcase name="test_tbookOverviewHeader_WSDK114" time="19.848" classname="TestScripts.tbook"/>
  <testcase name="test_tbookOverviewFooter_WSDK115" time="54.573" classname="TestScripts.tbook"/>
  <testcase name="test_GettingDataIntbookSpecificationPage_WSDK116" time="2.041" classname="TestScripts.tbook"/>
  <testcase name="test_tbookSpecificationsHeader_WSDK117" time="8.127" classname="TestScripts.tbook"/>
  <testcase name="test_tbookSpecificationsfooter_WSDK118" time="35.283" classname="TestScripts.tbook"/>
  <testcase name="test_HeaderAndFooterCSSIntbookSpecPage_WSDK119" time="0.097" classname="TestScripts.tbook"/>
  <testcase name="test_CheckingForimagesInthetbookSpecificationsPage_WSDK120" time="0.670" classname="TestScripts.tbook"/>
  <testcase name="test_GettingCSSOFHeadingAndParagraphIntbookSpecPage_WSDK121" time="0.199" classname="TestScripts.tbook"/>
  <testcase name="test_SpellcheckintbookSpecificationsPage_WSDK122" time="46.815" classname="TestScripts.tbook"/>
</testsuite> <!-- TestScripts.tbook -->
