<?xml version="1.0" encoding="UTF-8"?>
<!-- Generated by org.testng.reporters.JUnitReportReporter -->
<testsuite skipped="0" hostname="ubuntu2" name="TestScripts.demo" tests="1" failures="0" timestamp="30 Apr 2018 08:42:02 GMT" time="38.903" errors="0">
  <testcase name="samp" time="38.903" classname="TestScripts.demo"/>
</testsuite> <!-- TestScripts.demo -->
