<?xml version="1.0" encoding="UTF-8"?>
<!-- Generated by org.testng.reporters.JUnitReportReporter -->
<testsuite skipped="0" hostname="ubuntu2" name="TestNG.Class1" tests="1" failures="0" timestamp="15 Feb 2018 09:09:52 GMT" time="4.445" errors="0">
  <testcase name="links" time="4.445" classname="TestNG.Class1"/>
</testsuite> <!-- TestNG.Class1 -->
